#
# There is insufficient memory for the Java Runtime Environment to continue.
# Native memory allocation (mmap) failed to map 98566144 bytes for G1 virtual space
# Possible reasons:
#   The system is out of physical RAM or swap space
#   The process is running with CompressedOops enabled, and the Java Heap may be blocking the growth of the native heap
# Possible solutions:
#   Reduce memory load on the system
#   Increase physical memory or swap space
#   Check if swap backing store is full
#   Decrease Java heap size (-Xmx/-Xms)
#   Decrease number of Java threads
#   Decrease Java thread stack sizes (-Xss)
#   Set larger code cache with -XX:ReservedCodeCacheSize=
#   JVM is running with Unscaled Compressed Oops mode in which the Java heap is
#     placed in the first 4GB address space. The Java Heap base address is the
#     maximum limit for the native heap growth. Please use -XX:HeapBaseMinAddress
#     to set the Java Heap base and to place the Java Heap above 4GB virtual address.
# This output file may be truncated or incomplete.
#
#  Out of Memory Error (os_windows.cpp:3600), pid=55192, tid=44632
#
# JRE version:  (21.0.2+13) (build )
# Java VM: Java HotSpot(TM) 64-Bit Server VM (21.0.2+13-LTS-58, mixed mode, sharing, tiered, compressed oops, compressed class ptrs, g1 gc, windows-amd64)
# No core dump will be written. Minidumps are not enabled by default on client versions of Windows
#

---------------  S U M M A R Y ------------

Command Line: -XX:+ShowCodeDetailsInExceptionMessages -agentlib:jdwp=transport=dt_socket,suspend=y,address=localhost:55354 -javaagent:C:\Users\himan\eclipse\jee-2023-122\eclipse\configuration\org.eclipse.osgi\434\0\.cp\lib\javaagent-shaded.jar -Dfile.encoding=UTF-8 -Dstdout.encoding=UTF-8 -Dstderr.encoding=UTF-8 swing_demo.swing

Host: AMD Ryzen 5 5600H with Radeon Graphics         , 12 cores, 5G,  Windows 11 , 64 bit Build 22621 (10.0.22621.2506)
Time: Thu Apr  4 12:54:47 2024 India Standard Time elapsed time: 0.011441 seconds (0d 0h 0m 0s)

---------------  T H R E A D  ---------------

Current thread (0x000001731d3fefe0):  JavaThread "Unknown thread" [_thread_in_vm, id=44632, stack(0x0000002327800000,0x0000002327900000) (1024K)]

Stack: [0x0000002327800000,0x0000002327900000]
Native frames: (J=compiled Java code, j=interpreted, Vv=VM code, C=native code)
V  [jvm.dll+0x6cade9]
V  [jvm.dll+0x8569c1]
V  [jvm.dll+0x858d2e]
V  [jvm.dll+0x859413]
V  [jvm.dll+0x280e56]
V  [jvm.dll+0x6c74d5]
V  [jvm.dll+0x6bbeca]
V  [jvm.dll+0x355bca]
V  [jvm.dll+0x35d816]
V  [jvm.dll+0x3ae67e]
V  [jvm.dll+0x3ae928]
V  [jvm.dll+0x3295dc]
V  [jvm.dll+0x32a16b]
V  [jvm.dll+0x81efa9]
V  [jvm.dll+0x3bba01]
V  [jvm.dll+0x807928]
V  [jvm.dll+0x44f50e]
V  [jvm.dll+0x450e11]
C  [jli.dll+0x52a3]
C  [ucrtbase.dll+0x29363]
C  [KERNEL32.DLL+0x1257d]
C  [ntdll.dll+0x5aa58]


---------------  P R O C E S S  ---------------

Threads class SMR info:
_java_thread_list=0x00007ffb40c6bb88, length=0, elements={
}

Java Threads: ( => current thread )
Total: 0

Other Threads:
  0x000001731f664980 WorkerThread "GC Thread#0"                     [id=48816, stack(0x0000002327900000,0x0000002327a00000) (1024K)]
  0x000001731f6736b0 ConcurrentGCThread "G1 Main Marker"            [id=57960, stack(0x0000002327a00000,0x0000002327b00000) (1024K)]
  0x000001731f674950 WorkerThread "G1 Conc#0"                       [id=44168, stack(0x0000002327b00000,0x0000002327c00000) (1024K)]

[error occurred during error reporting (printing all threads), id 0xc0000005, EXCEPTION_ACCESS_VIOLATION (0xc0000005) at pc=0x00007ffb403dc6a7]
VM state: not at safepoint (not fully initialized)

VM Mutex/Monitor currently owned by a thread:  ([mutex/lock_event])
[0x00007ffb40cdce68] Heap_lock - owner thread: 0x000001731d3fefe0

Heap address: 0x00000000a2400000, size: 1500 MB, Compressed Oops mode: 32-bit

CDS archive(s) mapped at: [0x0000000000000000-0x0000000000000000-0x0000000000000000), size 0, SharedBaseAddress: 0x0000000800000000, ArchiveRelocationMode: 1.
Narrow klass base: 0x0000000000000000, Narrow klass shift: 0, Narrow klass range: 0x0

GC Precious Log:
 CardTable entry size: 512
 Card Set container configuration: InlinePtr #cards 5 size 8 Array Of Cards #cards 12 size 40 Howl #buckets 4 coarsen threshold 1843 Howl Bitmap #cards 512 size 80 coarsen threshold 460 Card regions per heap region 1 cards per card region 2048

Heap:
 garbage-first heap   total 0K, used 0K [0x00000000a2400000, 0x0000000100000000)
  region size 1024K, 0 young (0K), 0 survivors (0K)

[error occurred during error reporting (printing heap information), id 0xc0000005, EXCEPTION_ACCESS_VIOLATION (0xc0000005) at pc=0x00007ffb407c39f9]
GC Heap History (0 events):
No events

Dll operation events (1 events):
Event: 0.008 Loaded shared library C:\Program Files\Java\jdk-21\bin\java.dll

Deoptimization events (0 events):
No events

Classes loaded (0 events):
No events

Classes unloaded (0 events):
No events

Classes redefined (0 events):
No events

Internal exceptions (0 events):
No events

ZGC Phase Switch (0 events):
No events

VM Operations (0 events):
No events

Events (0 events):
No events


Dynamic libraries:
0x00007ff7b3ae0000 - 0x00007ff7b3af0000 	C:\Program Files\Java\jdk-21\bin\javaw.exe
0x00007ffbe5ad0000 - 0x00007ffbe5ce7000 	C:\WINDOWS\SYSTEM32\ntdll.dll
0x00007ffbe42a0000 - 0x00007ffbe4364000 	C:\WINDOWS\System32\KERNEL32.DLL
0x00007ffbe2e40000 - 0x00007ffbe31e5000 	C:\WINDOWS\System32\KERNELBASE.dll
0x00007ffbe3400000 - 0x00007ffbe3511000 	C:\WINDOWS\System32\ucrtbase.dll
0x00007ffbc5f60000 - 0x00007ffbc5f79000 	C:\Program Files\Java\jdk-21\bin\jli.dll
0x00007ffbc5f40000 - 0x00007ffbc5f5b000 	C:\Program Files\Java\jdk-21\bin\VCRUNTIME140.dll
0x00007ffbe5760000 - 0x00007ffbe5811000 	C:\WINDOWS\System32\ADVAPI32.dll
0x00007ffbe4720000 - 0x00007ffbe47c7000 	C:\WINDOWS\System32\msvcrt.dll
0x00007ffbe41f0000 - 0x00007ffbe4296000 	C:\WINDOWS\System32\sechost.dll
0x00007ffbe40d0000 - 0x00007ffbe41e7000 	C:\WINDOWS\System32\RPCRT4.dll
0x00007ffbe3e80000 - 0x00007ffbe402e000 	C:\WINDOWS\System32\USER32.dll
0x00007ffbe31f0000 - 0x00007ffbe3216000 	C:\WINDOWS\System32\win32u.dll
0x00007ffbc8f40000 - 0x00007ffbc91d3000 	C:\WINDOWS\WinSxS\amd64_microsoft.windows.common-controls_6595b64144ccf1df_6.0.22621.2506_none_270c5ae97388e100\COMCTL32.dll
0x00007ffbe5880000 - 0x00007ffbe58a9000 	C:\WINDOWS\System32\GDI32.dll
0x00007ffbe3590000 - 0x00007ffbe36a9000 	C:\WINDOWS\System32\gdi32full.dll
0x00007ffbe3360000 - 0x00007ffbe33fa000 	C:\WINDOWS\System32\msvcp_win.dll
0x00007ffbd9fe0000 - 0x00007ffbd9fea000 	C:\WINDOWS\SYSTEM32\VERSION.dll
0x00007ffbe4030000 - 0x00007ffbe4061000 	C:\WINDOWS\System32\IMM32.DLL
0x00007ffbd6340000 - 0x00007ffbd634c000 	C:\Program Files\Java\jdk-21\bin\vcruntime140_1.dll
0x00007ffbbf2e0000 - 0x00007ffbbf36e000 	C:\Program Files\Java\jdk-21\bin\msvcp140.dll
0x00007ffb400a0000 - 0x00007ffb40db7000 	C:\Program Files\Java\jdk-21\bin\server\jvm.dll
0x00007ffbe58b0000 - 0x00007ffbe5921000 	C:\WINDOWS\System32\WS2_32.dll
0x00007ffbe2c60000 - 0x00007ffbe2cad000 	C:\WINDOWS\SYSTEM32\POWRPROF.dll
0x00007ffbdb6a0000 - 0x00007ffbdb6d4000 	C:\WINDOWS\SYSTEM32\WINMM.dll
0x00007ffbe2b40000 - 0x00007ffbe2b53000 	C:\WINDOWS\SYSTEM32\UMPDC.dll
0x00007ffbe1e40000 - 0x00007ffbe1e58000 	C:\WINDOWS\SYSTEM32\kernel.appcore.dll
0x00007ffbd23c0000 - 0x00007ffbd23ca000 	C:\Program Files\Java\jdk-21\bin\jimage.dll
0x00007ffbe0260000 - 0x00007ffbe0493000 	C:\WINDOWS\SYSTEM32\DBGHELP.DLL
0x00007ffbe4390000 - 0x00007ffbe4719000 	C:\WINDOWS\System32\combase.dll
0x00007ffbe3da0000 - 0x00007ffbe3e77000 	C:\WINDOWS\System32\OLEAUT32.dll
0x00007ffbd6c60000 - 0x00007ffbd6c92000 	C:\WINDOWS\SYSTEM32\dbgcore.DLL
0x00007ffbe32e0000 - 0x00007ffbe335a000 	C:\WINDOWS\System32\bcryptPrimitives.dll
0x00007ffbbf770000 - 0x00007ffbbf7ac000 	C:\Program Files\Java\jdk-21\bin\jdwp.dll
0x00007ffbdb4e0000 - 0x00007ffbdb4ef000 	C:\Program Files\Java\jdk-21\bin\instrument.dll
0x00007ffbc5f20000 - 0x00007ffbc5f3f000 	C:\Program Files\Java\jdk-21\bin\java.dll

dbghelp: loaded successfully - version: 4.0.5 - missing functions: none
symbol engine: initialized successfully - sym options: 0x614 - pdb path: .;C:\Program Files\Java\jdk-21\bin;C:\WINDOWS\SYSTEM32;C:\WINDOWS\WinSxS\amd64_microsoft.windows.common-controls_6595b64144ccf1df_6.0.22621.2506_none_270c5ae97388e100;C:\Program Files\Java\jdk-21\bin\server

VM Arguments:
jvm_args: -XX:+ShowCodeDetailsInExceptionMessages -agentlib:jdwp=transport=dt_socket,suspend=y,address=localhost:55354 -javaagent:C:\Users\himan\eclipse\jee-2023-122\eclipse\configuration\org.eclipse.osgi\434\0\.cp\lib\javaagent-shaded.jar -Dfile.encoding=UTF-8 -Dstdout.encoding=UTF-8 -Dstderr.encoding=UTF-8 
java_command: swing_demo.swing
java_class_path (initial): C:\Users\himan\eclipse-workspace\swing_demo\bin
Launcher Type: SUN_STANDARD

[Global flags]
     intx CICompilerCount                          = 4                                         {product} {ergonomic}
     uint ConcGCThreads                            = 3                                         {product} {ergonomic}
     uint G1ConcRefinementThreads                  = 10                                        {product} {ergonomic}
   size_t G1HeapRegionSize                         = 1048576                                   {product} {ergonomic}
    uintx GCDrainStackTargetSize                   = 64                                        {product} {ergonomic}
   size_t InitialHeapSize                          = 98566144                                  {product} {ergonomic}
   size_t MarkStackSize                            = 4194304                                   {product} {ergonomic}
   size_t MaxHeapSize                              = 1572864000                                {product} {ergonomic}
   size_t MinHeapDeltaBytes                        = 1048576                                   {product} {ergonomic}
   size_t MinHeapSize                              = 8388608                                   {product} {ergonomic}
    uintx NonNMethodCodeHeapSize                   = 5839372                                {pd product} {ergonomic}
    uintx NonProfiledCodeHeapSize                  = 122909434                              {pd product} {ergonomic}
    uintx ProfiledCodeHeapSize                     = 122909434                              {pd product} {ergonomic}
    uintx ReservedCodeCacheSize                    = 251658240                              {pd product} {ergonomic}
     bool SegmentedCodeCache                       = true                                      {product} {ergonomic}
     bool ShowCodeDetailsInExceptionMessages       = true                                   {manageable} {command line}
   size_t SoftMaxHeapSize                          = 1572864000                             {manageable} {ergonomic}
     bool UseCompressedOops                        = true                           {product lp64_product} {ergonomic}
     bool UseG1GC                                  = true                                      {product} {ergonomic}
     bool UseLargePagesIndividualAllocation        = false                                  {pd product} {ergonomic}

Logging:
Log output configuration:
 #0: stdout all=warning uptime,level,tags foldmultilines=false
 #1: stderr all=off uptime,level,tags foldmultilines=false

Environment Variables:
PATH=C:\Program Files\Common Files\Oracle\Java\javapath;C:\Windows\system32;C:\Windows;C:\Windows\System32\Wbem;C:\Windows\System32\WindowsPowerShell\v1.0\;C:\Windows\System32\OpenSSH\;C:\Program Files (x86)\NVIDIA Corporation\PhysX\Common;C:\Program Files\Git\cmd;C:\Program Files\NVIDIA Corporation\NVIDIA NvDLISR;C:\WINDOWS\system32;C:\WINDOWS;C:\WINDOWS\System32\Wbem;C:\WINDOWS\System32\WindowsPowerShell\v1.0\;C:\WINDOWS\System32\OpenSSH\;C:\Users\himan\AppData\Local\Microsoft\WindowsApps;C:\Program Files\JetBrains\IntelliJ IDEA Community Edition 2023.1.4\bin;;C:\Users\himan\AppData\Local\Programs\Microsoft VS Code\bin;C:\Program Files\Java\jdk-21;
USERNAME=himan
OS=Windows_NT
PROCESSOR_IDENTIFIER=AMD64 Family 25 Model 80 Stepping 0, AuthenticAMD
TMP=C:\Users\himan\AppData\Local\Temp
TEMP=C:\Users\himan\AppData\Local\Temp




Periodic native trim disabled

---------------  S Y S T E M  ---------------

OS:
 Windows 11 , 64 bit Build 22621 (10.0.22621.2506)
OS uptime: 60 days 8:21 hours

CPU: total 12 (initial active 12) (12 cores per cpu, 2 threads per core) family 25 model 80 stepping 0 microcode 0x0, cx8, cmov, fxsr, ht, mmx, 3dnowpref, sse, sse2, sse3, ssse3, sse4a, sse4.1, sse4.2, popcnt, lzcnt, tsc, tscinvbit, avx, avx2, aes, erms, clmul, bmi1, bmi2, adx, sha, fma, vzeroupper, clflush, clflushopt, rdtscp, rdpid, fsrm, f16c, pku, cet_ss
Processor Information for processor 0
  Max Mhz: 3301, Current Mhz: 1805, Mhz Limit: 3301
Processor Information for processor 1
  Max Mhz: 3301, Current Mhz: 3301, Mhz Limit: 3301
Processor Information for processor 2
  Max Mhz: 3301, Current Mhz: 1805, Mhz Limit: 3301
Processor Information for processor 3
  Max Mhz: 3301, Current Mhz: 1805, Mhz Limit: 3301
Processor Information for processor 4
  Max Mhz: 3301, Current Mhz: 3301, Mhz Limit: 3301
Processor Information for processor 5
  Max Mhz: 3301, Current Mhz: 1805, Mhz Limit: 3301
Processor Information for processor 6
  Max Mhz: 3301, Current Mhz: 1805, Mhz Limit: 3301
Processor Information for processor 7
  Max Mhz: 3301, Current Mhz: 1805, Mhz Limit: 3301
Processor Information for processor 8
  Max Mhz: 3301, Current Mhz: 1805, Mhz Limit: 3301
Processor Information for processor 9
  Max Mhz: 3301, Current Mhz: 1805, Mhz Limit: 3301
Processor Information for processor 10
  Max Mhz: 3301, Current Mhz: 3301, Mhz Limit: 3301
Processor Information for processor 11
  Max Mhz: 3301, Current Mhz: 1805, Mhz Limit: 3301

Memory: 4k page, system-wide physical 5996M (364M free)
TotalPageFile size 24424M (AvailPageFile size 92M)
current process WorkingSet (physical memory assigned to process): 11M, peak: 11M
current process commit charge ("private bytes"): 64M, peak: 158M

vm_info: Java HotSpot(TM) 64-Bit Server VM (21.0.2+13-LTS-58) for windows-amd64 JRE (21.0.2+13-LTS-58), built on 2024-01-05T18:32:24Z by "mach5one" with MS VC++ 17.1 (VS2022)

END.
